c:\visual studio projects\dardaneli\dardaneli\x64\debug\vc143.pdb
c:\visual studio projects\dardaneli\dardaneli\x64\debug\vc143.idb
c:\visual studio projects\dardaneli\dardaneli\x64\debug\aabb.nativecodeanalysis.sarif
c:\visual studio projects\dardaneli\dardaneli\x64\debug\aabb.nativecodeanalysis.xml
c:\visual studio projects\dardaneli\dardaneli\x64\debug\basicobjects.nativecodeanalysis.sarif
c:\visual studio projects\dardaneli\dardaneli\x64\debug\basicobjects.nativecodeanalysis.xml
c:\visual studio projects\dardaneli\dardaneli\x64\debug\bvhnode.nativecodeanalysis.sarif
c:\visual studio projects\dardaneli\dardaneli\x64\debug\bvhnode.nativecodeanalysis.xml
c:\visual studio projects\dardaneli\dardaneli\x64\debug\camaramanager.nativecodeanalysis.sarif
c:\visual studio projects\dardaneli\dardaneli\x64\debug\camaramanager.nativecodeanalysis.xml
c:\visual studio projects\dardaneli\dardaneli\x64\debug\camera.nativecodeanalysis.sarif
c:\visual studio projects\dardaneli\dardaneli\x64\debug\camera.nativecodeanalysis.xml
c:\visual studio projects\dardaneli\dardaneli\x64\debug\drawableaabb.nativecodeanalysis.sarif
c:\visual studio projects\dardaneli\dardaneli\x64\debug\drawableaabb.nativecodeanalysis.xml
c:\visual studio projects\dardaneli\dardaneli\x64\debug\ebo.nativecodeanalysis.sarif
c:\visual studio projects\dardaneli\dardaneli\x64\debug\ebo.nativecodeanalysis.xml
c:\visual studio projects\dardaneli\dardaneli\x64\debug\editmodebvh.nativecodeanalysis.sarif
c:\visual studio projects\dardaneli\dardaneli\x64\debug\editmodebvh.nativecodeanalysis.xml
c:\visual studio projects\dardaneli\dardaneli\x64\debug\grapheditor.nativecodeanalysis.sarif
c:\visual studio projects\dardaneli\dardaneli\x64\debug\grapheditor.nativecodeanalysis.xml
c:\visual studio projects\dardaneli\dardaneli\x64\debug\imcurveedit.nativecodeanalysis.sarif
c:\visual studio projects\dardaneli\dardaneli\x64\debug\imcurveedit.nativecodeanalysis.xml
c:\visual studio projects\dardaneli\dardaneli\x64\debug\imgradient.nativecodeanalysis.sarif
c:\visual studio projects\dardaneli\dardaneli\x64\debug\imgradient.nativecodeanalysis.xml
c:\visual studio projects\dardaneli\dardaneli\x64\debug\imguizmo.nativecodeanalysis.sarif
c:\visual studio projects\dardaneli\dardaneli\x64\debug\imguizmo.nativecodeanalysis.xml
c:\visual studio projects\dardaneli\dardaneli\x64\debug\imgui.nativecodeanalysis.sarif
c:\visual studio projects\dardaneli\dardaneli\x64\debug\imgui.nativecodeanalysis.xml
c:\visual studio projects\dardaneli\dardaneli\x64\debug\imgui_demo.nativecodeanalysis.sarif
c:\visual studio projects\dardaneli\dardaneli\x64\debug\imgui_demo.nativecodeanalysis.xml
c:\visual studio projects\dardaneli\dardaneli\x64\debug\imgui_draw.nativecodeanalysis.sarif
c:\visual studio projects\dardaneli\dardaneli\x64\debug\imgui_draw.nativecodeanalysis.xml
c:\visual studio projects\dardaneli\dardaneli\x64\debug\imgui_impl_glfw.nativecodeanalysis.sarif
c:\visual studio projects\dardaneli\dardaneli\x64\debug\imgui_impl_glfw.nativecodeanalysis.xml
c:\visual studio projects\dardaneli\dardaneli\x64\debug\imgui_impl_opengl3.nativecodeanalysis.sarif
c:\visual studio projects\dardaneli\dardaneli\x64\debug\imgui_impl_opengl3.nativecodeanalysis.xml
c:\visual studio projects\dardaneli\dardaneli\x64\debug\imgui_tables.nativecodeanalysis.sarif
c:\visual studio projects\dardaneli\dardaneli\x64\debug\imgui_tables.nativecodeanalysis.xml
c:\visual studio projects\dardaneli\dardaneli\x64\debug\imgui_widgets.nativecodeanalysis.sarif
c:\visual studio projects\dardaneli\dardaneli\x64\debug\imgui_widgets.nativecodeanalysis.xml
c:\visual studio projects\dardaneli\dardaneli\x64\debug\main.nativecodeanalysis.sarif
c:\visual studio projects\dardaneli\dardaneli\x64\debug\main.nativecodeanalysis.xml
c:\visual studio projects\dardaneli\dardaneli\x64\debug\main.obj
c:\visual studio projects\dardaneli\dardaneli\x64\debug\imgui_widgets.obj
c:\visual studio projects\dardaneli\dardaneli\x64\debug\imgui_tables.obj
c:\visual studio projects\dardaneli\dardaneli\x64\debug\imgui_impl_opengl3.obj
c:\visual studio projects\dardaneli\dardaneli\x64\debug\imgui_impl_glfw.obj
c:\visual studio projects\dardaneli\dardaneli\x64\debug\imgui_draw.obj
c:\visual studio projects\dardaneli\dardaneli\x64\debug\imgui_demo.obj
c:\visual studio projects\dardaneli\dardaneli\x64\debug\imgui.obj
c:\visual studio projects\dardaneli\dardaneli\x64\debug\imguizmo.obj
c:\visual studio projects\dardaneli\dardaneli\x64\debug\imgradient.obj
c:\visual studio projects\dardaneli\dardaneli\x64\debug\imcurveedit.obj
c:\visual studio projects\dardaneli\dardaneli\x64\debug\grapheditor.obj
c:\visual studio projects\dardaneli\dardaneli\x64\debug\editmodebvh.obj
c:\visual studio projects\dardaneli\dardaneli\x64\debug\ebo.obj
c:\visual studio projects\dardaneli\dardaneli\x64\debug\drawableaabb.obj
c:\visual studio projects\dardaneli\dardaneli\x64\debug\camera.obj
c:\visual studio projects\dardaneli\dardaneli\x64\debug\camaramanager.obj
c:\visual studio projects\dardaneli\dardaneli\x64\debug\bvhnode.obj
c:\visual studio projects\dardaneli\dardaneli\x64\debug\basicobjects.obj
c:\visual studio projects\dardaneli\dardaneli\x64\debug\aabb.obj
c:\visual studio projects\dardaneli\dardaneli\x64\debug\mesh.nativecodeanalysis.sarif
c:\visual studio projects\dardaneli\dardaneli\x64\debug\mesh.nativecodeanalysis.xml
c:\visual studio projects\dardaneli\dardaneli\x64\debug\mygui.nativecodeanalysis.sarif
c:\visual studio projects\dardaneli\dardaneli\x64\debug\mygui.nativecodeanalysis.xml
c:\visual studio projects\dardaneli\dardaneli\x64\debug\object.nativecodeanalysis.sarif
c:\visual studio projects\dardaneli\dardaneli\x64\debug\object.nativecodeanalysis.xml
c:\visual studio projects\dardaneli\dardaneli\x64\debug\objectmanager.nativecodeanalysis.sarif
c:\visual studio projects\dardaneli\dardaneli\x64\debug\objectmanager.nativecodeanalysis.xml
c:\visual studio projects\dardaneli\dardaneli\x64\debug\objectmodebvh.nativecodeanalysis.sarif
c:\visual studio projects\dardaneli\dardaneli\x64\debug\objectmodebvh.nativecodeanalysis.xml
c:\visual studio projects\dardaneli\dardaneli\x64\debug\ray.nativecodeanalysis.sarif
c:\visual studio projects\dardaneli\dardaneli\x64\debug\ray.nativecodeanalysis.xml
c:\visual studio projects\dardaneli\dardaneli\x64\debug\renderer.nativecodeanalysis.sarif
c:\visual studio projects\dardaneli\dardaneli\x64\debug\renderer.nativecodeanalysis.xml
c:\visual studio projects\dardaneli\dardaneli\x64\debug\scene.nativecodeanalysis.sarif
c:\visual studio projects\dardaneli\dardaneli\x64\debug\scene.nativecodeanalysis.xml
c:\visual studio projects\dardaneli\dardaneli\x64\debug\shader.nativecodeanalysis.sarif
c:\visual studio projects\dardaneli\dardaneli\x64\debug\shader.nativecodeanalysis.xml
c:\visual studio projects\dardaneli\dardaneli\x64\debug\shadermanager.nativecodeanalysis.sarif
c:\visual studio projects\dardaneli\dardaneli\x64\debug\shadermanager.nativecodeanalysis.xml
c:\visual studio projects\dardaneli\dardaneli\x64\debug\stb.nativecodeanalysis.sarif
c:\visual studio projects\dardaneli\dardaneli\x64\debug\stb.nativecodeanalysis.xml
c:\visual studio projects\dardaneli\dardaneli\x64\debug\texture.nativecodeanalysis.sarif
c:\visual studio projects\dardaneli\dardaneli\x64\debug\texture.nativecodeanalysis.xml
c:\visual studio projects\dardaneli\dardaneli\x64\debug\vao.nativecodeanalysis.sarif
c:\visual studio projects\dardaneli\dardaneli\x64\debug\vao.nativecodeanalysis.xml
c:\visual studio projects\dardaneli\dardaneli\x64\debug\vbo.nativecodeanalysis.sarif
c:\visual studio projects\dardaneli\dardaneli\x64\debug\vbo.nativecodeanalysis.xml
c:\visual studio projects\dardaneli\dardaneli\x64\debug\window.nativecodeanalysis.sarif
c:\visual studio projects\dardaneli\dardaneli\x64\debug\window.nativecodeanalysis.xml
c:\visual studio projects\dardaneli\dardaneli\x64\debug\window.obj
c:\visual studio projects\dardaneli\dardaneli\x64\debug\vbo.obj
c:\visual studio projects\dardaneli\dardaneli\x64\debug\vao.obj
c:\visual studio projects\dardaneli\dardaneli\x64\debug\texture.obj
c:\visual studio projects\dardaneli\dardaneli\x64\debug\stb.obj
c:\visual studio projects\dardaneli\dardaneli\x64\debug\shadermanager.obj
c:\visual studio projects\dardaneli\dardaneli\x64\debug\shader.obj
c:\visual studio projects\dardaneli\dardaneli\x64\debug\scene.obj
c:\visual studio projects\dardaneli\dardaneli\x64\debug\renderer.obj
c:\visual studio projects\dardaneli\dardaneli\x64\debug\ray.obj
c:\visual studio projects\dardaneli\dardaneli\x64\debug\objectmodebvh.obj
c:\visual studio projects\dardaneli\dardaneli\x64\debug\objectmanager.obj
c:\visual studio projects\dardaneli\dardaneli\x64\debug\object.obj
c:\visual studio projects\dardaneli\dardaneli\x64\debug\mygui.obj
c:\visual studio projects\dardaneli\dardaneli\x64\debug\mesh.obj
c:\visual studio projects\dardaneli\dardaneli\x64\debug\glad.nativecodeanalysis.sarif
c:\visual studio projects\dardaneli\dardaneli\x64\debug\glad.nativecodeanalysis.xml
c:\visual studio projects\dardaneli\dardaneli\x64\debug\glad.obj
c:\visual studio projects\dardaneli\x64\debug\dardaneli.exe
c:\visual studio projects\dardaneli\x64\debug\dardaneli.pdb
c:\visual studio projects\dardaneli\dardaneli\x64\debug\dardaneli.ilk
c:\visual studio projects\dardaneli\dardaneli\x64\debug\vc.nativecodeanalysis.all.xml
c:\visual studio projects\dardaneli\dardaneli\x64\debug\dardaneli.tlog\cl.command.1.tlog
c:\visual studio projects\dardaneli\dardaneli\x64\debug\dardaneli.tlog\cl.items.tlog
c:\visual studio projects\dardaneli\dardaneli\x64\debug\dardaneli.tlog\cl.read.1.tlog
c:\visual studio projects\dardaneli\dardaneli\x64\debug\dardaneli.tlog\cl.write.1.tlog
c:\visual studio projects\dardaneli\dardaneli\x64\debug\dardaneli.tlog\link.command.1.tlog
c:\visual studio projects\dardaneli\dardaneli\x64\debug\dardaneli.tlog\link.read.1.tlog
c:\visual studio projects\dardaneli\dardaneli\x64\debug\dardaneli.tlog\link.secondary.1.tlog
c:\visual studio projects\dardaneli\dardaneli\x64\debug\dardaneli.tlog\link.write.1.tlog
